#! /usr/bin/vvp
:ivl_version "11.0 (stable)";
:ivl_delay_selection "TYPICAL";
:vpi_time_precision + 0;
:vpi_module "/usr/lib/x86_64-linux-gnu/ivl/system.vpi";
:vpi_module "/usr/lib/x86_64-linux-gnu/ivl/vhdl_sys.vpi";
:vpi_module "/usr/lib/x86_64-linux-gnu/ivl/vhdl_textio.vpi";
:vpi_module "/usr/lib/x86_64-linux-gnu/ivl/v2005_math.vpi";
:vpi_module "/usr/lib/x86_64-linux-gnu/ivl/va_math.vpi";
S_0x55874c721d20 .scope module, "Question1" "Question1" 2 1;
 .timescale 0 0;
    .port_info 0 /INPUT 1 "a";
    .port_info 1 /INPUT 1 "b";
    .port_info 2 /INPUT 1 "c";
    .port_info 3 /INPUT 1 "d";
    .port_info 4 /OUTPUT 1 "f";
o0x7fc60b100018 .functor BUFZ 1, C4<z>; HiZ drive
o0x7fc60b100048 .functor BUFZ 1, C4<z>; HiZ drive
L_0x55874c76bec0 .functor AND 1, o0x7fc60b100018, o0x7fc60b100048, C4<1>, C4<1>;
o0x7fc60b100078 .functor BUFZ 1, C4<z>; HiZ drive
L_0x55874c76bfb0 .functor OR 1, L_0x55874c76bec0, o0x7fc60b100078, C4<0>, C4<0>;
L_0x55874c76c050 .functor NOT 1, L_0x55874c76bfb0, C4<0>, C4<0>, C4<0>;
o0x7fc60b1000a8 .functor BUFZ 1, C4<z>; HiZ drive
L_0x55874c76c140 .functor AND 1, L_0x55874c76c050, o0x7fc60b1000a8, C4<1>, C4<1>;
L_0x55874c76c230 .functor AND 1, o0x7fc60b100018, o0x7fc60b100048, C4<1>, C4<1>;
L_0x55874c76c370 .functor OR 1, o0x7fc60b100078, L_0x55874c76c230, C4<0>, C4<0>;
L_0x55874c76c4c0 .functor OR 1, o0x7fc60b1000a8, L_0x55874c76c370, C4<0>, C4<0>;
L_0x55874c76c5d0 .functor AND 1, L_0x55874c76c4c0, L_0x55874c76c140, C4<1>, C4<1>;
v0x55874c721eb0_0 .net "a", 0 0, o0x7fc60b100018;  0 drivers
v0x55874c76b5d0_0 .net "b", 0 0, o0x7fc60b100048;  0 drivers
v0x55874c76b690_0 .net "c", 0 0, o0x7fc60b100078;  0 drivers
v0x55874c76b760_0 .net "d", 0 0, o0x7fc60b1000a8;  0 drivers
v0x55874c76b820_0 .net "f", 0 0, L_0x55874c76c5d0;  1 drivers
v0x55874c76b8e0_0 .net "g", 0 0, L_0x55874c76bec0;  1 drivers
v0x55874c76b9a0_0 .net "g1", 0 0, L_0x55874c76c230;  1 drivers
v0x55874c76ba60_0 .net "h", 0 0, L_0x55874c76bfb0;  1 drivers
v0x55874c76bb20_0 .net "h1", 0 0, L_0x55874c76c370;  1 drivers
v0x55874c76bbe0_0 .net "i", 0 0, L_0x55874c76c050;  1 drivers
v0x55874c76bca0_0 .net "i1", 0 0, L_0x55874c76c4c0;  1 drivers
v0x55874c76bd60_0 .net "j", 0 0, L_0x55874c76c140;  1 drivers
# The file index is used to find the file name in the following table.
:file_names 3;
    "N/A";
    "<interactive>";
    "/home/rahul/Desktop/DSD/Lab1/Question1.v";
