#! /usr/bin/vvp
:ivl_version "11.0 (stable)";
:ivl_delay_selection "TYPICAL";
:vpi_time_precision - 9;
:vpi_module "/usr/lib/x86_64-linux-gnu/ivl/system.vpi";
:vpi_module "/usr/lib/x86_64-linux-gnu/ivl/vhdl_sys.vpi";
:vpi_module "/usr/lib/x86_64-linux-gnu/ivl/vhdl_textio.vpi";
:vpi_module "/usr/lib/x86_64-linux-gnu/ivl/v2005_math.vpi";
:vpi_module "/usr/lib/x86_64-linux-gnu/ivl/va_math.vpi";
S_0x55cd298ac960 .scope module, "Question1b_tb" "Question1b_tb" 2 4;
 .timescale -9 -9;
v0x55cd298cb740_0 .var "a", 0 0;
v0x55cd298cb800_0 .var "b", 0 0;
v0x55cd298cb8d0_0 .var "c", 0 0;
v0x55cd298cb9d0_0 .var "d", 0 0;
v0x55cd298cbaa0_0 .net "f", 0 0, L_0x55cd298cc1c0;  1 drivers
S_0x55cd298acaf0 .scope module, "Q1" "Question1b" 2 8, 3 1 0, S_0x55cd298ac960;
 .timescale -9 -9;
    .port_info 0 /INPUT 1 "a";
    .port_info 1 /INPUT 1 "b";
    .port_info 2 /INPUT 1 "c";
    .port_info 3 /INPUT 1 "d";
    .port_info 4 /OUTPUT 1 "f";
L_0x55cd298cbb40 .functor AND 1, v0x55cd298cb740_0, v0x55cd298cb800_0, C4<1>, C4<1>;
L_0x55cd298cbc80 .functor OR 1, L_0x55cd298cbb40, v0x55cd298cb8d0_0, C4<0>, C4<0>;
L_0x55cd298cbd90 .functor NOT 1, L_0x55cd298cbc80, C4<0>, C4<0>, C4<0>;
L_0x55cd298cbe50 .functor AND 1, L_0x55cd298cbd90, v0x55cd298cb9d0_0, C4<1>, C4<1>;
L_0x55cd298cbf90 .functor AND 1, v0x55cd298cb740_0, v0x55cd298cb800_0, C4<1>, C4<1>;
L_0x55cd298cc000 .functor OR 1, L_0x55cd298cbf90, v0x55cd298cb8d0_0, C4<0>, C4<0>;
L_0x55cd298cc100 .functor OR 1, L_0x55cd298cc000, v0x55cd298cb9d0_0, C4<0>, C4<0>;
L_0x55cd298cc1c0 .functor AND 1, L_0x55cd298cbe50, L_0x55cd298cc100, C4<1>, C4<1>;
v0x55cd298accd0_0 .net *"_ivl_0", 0 0, L_0x55cd298cbb40;  1 drivers
v0x55cd298cad40_0 .net *"_ivl_10", 0 0, L_0x55cd298cc000;  1 drivers
v0x55cd298cae20_0 .net *"_ivl_12", 0 0, L_0x55cd298cc100;  1 drivers
v0x55cd298caf10_0 .net *"_ivl_2", 0 0, L_0x55cd298cbc80;  1 drivers
v0x55cd298caff0_0 .net *"_ivl_4", 0 0, L_0x55cd298cbd90;  1 drivers
v0x55cd298cb120_0 .net *"_ivl_6", 0 0, L_0x55cd298cbe50;  1 drivers
v0x55cd298cb200_0 .net *"_ivl_8", 0 0, L_0x55cd298cbf90;  1 drivers
v0x55cd298cb2e0_0 .net "a", 0 0, v0x55cd298cb740_0;  1 drivers
v0x55cd298cb3a0_0 .net "b", 0 0, v0x55cd298cb800_0;  1 drivers
v0x55cd298cb460_0 .net "c", 0 0, v0x55cd298cb8d0_0;  1 drivers
v0x55cd298cb520_0 .net "d", 0 0, v0x55cd298cb9d0_0;  1 drivers
v0x55cd298cb5e0_0 .net "f", 0 0, L_0x55cd298cc1c0;  alias, 1 drivers
    .scope S_0x55cd298ac960;
T_0 ;
    %vpi_call 2 12 "$dumpfile", "Question1b.vcd" {0 0 0};
    %vpi_call 2 13 "$dumpvars", 32'sb00000000000000000000000000000000, S_0x55cd298ac960 {0 0 0};
    %pushi/vec4 0, 0, 1;
    %store/vec4 v0x55cd298cb740_0, 0, 1;
    %pushi/vec4 0, 0, 1;
    %store/vec4 v0x55cd298cb800_0, 0, 1;
    %pushi/vec4 0, 0, 1;
    %store/vec4 v0x55cd298cb8d0_0, 0, 1;
    %pushi/vec4 0, 0, 1;
    %store/vec4 v0x55cd298cb9d0_0, 0, 1;
    %delay 20, 0;
    %pushi/vec4 0, 0, 1;
    %store/vec4 v0x55cd298cb740_0, 0, 1;
    %pushi/vec4 0, 0, 1;
    %store/vec4 v0x55cd298cb800_0, 0, 1;
    %pushi/vec4 0, 0, 1;
    %store/vec4 v0x55cd298cb8d0_0, 0, 1;
    %pushi/vec4 1, 0, 1;
    %store/vec4 v0x55cd298cb9d0_0, 0, 1;
    %delay 20, 0;
    %pushi/vec4 0, 0, 1;
    %store/vec4 v0x55cd298cb740_0, 0, 1;
    %pushi/vec4 0, 0, 1;
    %store/vec4 v0x55cd298cb800_0, 0, 1;
    %pushi/vec4 1, 0, 1;
    %store/vec4 v0x55cd298cb8d0_0, 0, 1;
    %pushi/vec4 0, 0, 1;
    %store/vec4 v0x55cd298cb9d0_0, 0, 1;
    %delay 20, 0;
    %pushi/vec4 0, 0, 1;
    %store/vec4 v0x55cd298cb740_0, 0, 1;
    %pushi/vec4 0, 0, 1;
    %store/vec4 v0x55cd298cb800_0, 0, 1;
    %pushi/vec4 1, 0, 1;
    %store/vec4 v0x55cd298cb8d0_0, 0, 1;
    %pushi/vec4 1, 0, 1;
    %store/vec4 v0x55cd298cb9d0_0, 0, 1;
    %delay 20, 0;
    %pushi/vec4 0, 0, 1;
    %store/vec4 v0x55cd298cb740_0, 0, 1;
    %pushi/vec4 1, 0, 1;
    %store/vec4 v0x55cd298cb800_0, 0, 1;
    %pushi/vec4 0, 0, 1;
    %store/vec4 v0x55cd298cb8d0_0, 0, 1;
    %pushi/vec4 0, 0, 1;
    %store/vec4 v0x55cd298cb9d0_0, 0, 1;
    %delay 20, 0;
    %pushi/vec4 0, 0, 1;
    %store/vec4 v0x55cd298cb740_0, 0, 1;
    %pushi/vec4 1, 0, 1;
    %store/vec4 v0x55cd298cb800_0, 0, 1;
    %pushi/vec4 0, 0, 1;
    %store/vec4 v0x55cd298cb8d0_0, 0, 1;
    %pushi/vec4 1, 0, 1;
    %store/vec4 v0x55cd298cb9d0_0, 0, 1;
    %delay 20, 0;
    %pushi/vec4 0, 0, 1;
    %store/vec4 v0x55cd298cb740_0, 0, 1;
    %pushi/vec4 1, 0, 1;
    %store/vec4 v0x55cd298cb800_0, 0, 1;
    %pushi/vec4 1, 0, 1;
    %store/vec4 v0x55cd298cb8d0_0, 0, 1;
    %pushi/vec4 0, 0, 1;
    %store/vec4 v0x55cd298cb9d0_0, 0, 1;
    %delay 20, 0;
    %pushi/vec4 0, 0, 1;
    %store/vec4 v0x55cd298cb740_0, 0, 1;
    %pushi/vec4 1, 0, 1;
    %store/vec4 v0x55cd298cb800_0, 0, 1;
    %pushi/vec4 1, 0, 1;
    %store/vec4 v0x55cd298cb8d0_0, 0, 1;
    %pushi/vec4 1, 0, 1;
    %store/vec4 v0x55cd298cb9d0_0, 0, 1;
    %delay 20, 0;
    %pushi/vec4 1, 0, 1;
    %store/vec4 v0x55cd298cb740_0, 0, 1;
    %pushi/vec4 0, 0, 1;
    %store/vec4 v0x55cd298cb800_0, 0, 1;
    %pushi/vec4 0, 0, 1;
    %store/vec4 v0x55cd298cb8d0_0, 0, 1;
    %pushi/vec4 0, 0, 1;
    %store/vec4 v0x55cd298cb9d0_0, 0, 1;
    %delay 20, 0;
    %pushi/vec4 1, 0, 1;
    %store/vec4 v0x55cd298cb740_0, 0, 1;
    %pushi/vec4 0, 0, 1;
    %store/vec4 v0x55cd298cb800_0, 0, 1;
    %pushi/vec4 0, 0, 1;
    %store/vec4 v0x55cd298cb8d0_0, 0, 1;
    %pushi/vec4 1, 0, 1;
    %store/vec4 v0x55cd298cb9d0_0, 0, 1;
    %delay 20, 0;
    %pushi/vec4 1, 0, 1;
    %store/vec4 v0x55cd298cb740_0, 0, 1;
    %pushi/vec4 0, 0, 1;
    %store/vec4 v0x55cd298cb800_0, 0, 1;
    %pushi/vec4 1, 0, 1;
    %store/vec4 v0x55cd298cb8d0_0, 0, 1;
    %pushi/vec4 0, 0, 1;
    %store/vec4 v0x55cd298cb9d0_0, 0, 1;
    %delay 20, 0;
    %pushi/vec4 1, 0, 1;
    %store/vec4 v0x55cd298cb740_0, 0, 1;
    %pushi/vec4 0, 0, 1;
    %store/vec4 v0x55cd298cb800_0, 0, 1;
    %pushi/vec4 1, 0, 1;
    %store/vec4 v0x55cd298cb8d0_0, 0, 1;
    %pushi/vec4 1, 0, 1;
    %store/vec4 v0x55cd298cb9d0_0, 0, 1;
    %delay 20, 0;
    %pushi/vec4 1, 0, 1;
    %store/vec4 v0x55cd298cb740_0, 0, 1;
    %pushi/vec4 1, 0, 1;
    %store/vec4 v0x55cd298cb800_0, 0, 1;
    %pushi/vec4 0, 0, 1;
    %store/vec4 v0x55cd298cb8d0_0, 0, 1;
    %pushi/vec4 0, 0, 1;
    %store/vec4 v0x55cd298cb9d0_0, 0, 1;
    %delay 20, 0;
    %pushi/vec4 1, 0, 1;
    %store/vec4 v0x55cd298cb740_0, 0, 1;
    %pushi/vec4 1, 0, 1;
    %store/vec4 v0x55cd298cb800_0, 0, 1;
    %pushi/vec4 0, 0, 1;
    %store/vec4 v0x55cd298cb8d0_0, 0, 1;
    %pushi/vec4 1, 0, 1;
    %store/vec4 v0x55cd298cb9d0_0, 0, 1;
    %delay 20, 0;
    %pushi/vec4 1, 0, 1;
    %store/vec4 v0x55cd298cb740_0, 0, 1;
    %pushi/vec4 1, 0, 1;
    %store/vec4 v0x55cd298cb800_0, 0, 1;
    %pushi/vec4 1, 0, 1;
    %store/vec4 v0x55cd298cb8d0_0, 0, 1;
    %pushi/vec4 0, 0, 1;
    %store/vec4 v0x55cd298cb9d0_0, 0, 1;
    %delay 20, 0;
    %pushi/vec4 1, 0, 1;
    %store/vec4 v0x55cd298cb740_0, 0, 1;
    %pushi/vec4 1, 0, 1;
    %store/vec4 v0x55cd298cb800_0, 0, 1;
    %pushi/vec4 1, 0, 1;
    %store/vec4 v0x55cd298cb8d0_0, 0, 1;
    %pushi/vec4 1, 0, 1;
    %store/vec4 v0x55cd298cb9d0_0, 0, 1;
    %delay 20, 0;
    %vpi_call 2 64 "$display", "Test complete" {0 0 0};
    %end;
    .thread T_0;
# The file index is used to find the file name in the following table.
:file_names 4;
    "N/A";
    "<interactive>";
    "/home/rahul/Desktop/DSD/Lab1/Question1b_tb.v";
    "./Question1b.v";
