#! /usr/bin/vvp
:ivl_version "11.0 (stable)";
:ivl_delay_selection "TYPICAL";
:vpi_time_precision - 9;
:vpi_module "/usr/lib/x86_64-linux-gnu/ivl/system.vpi";
:vpi_module "/usr/lib/x86_64-linux-gnu/ivl/vhdl_sys.vpi";
:vpi_module "/usr/lib/x86_64-linux-gnu/ivl/vhdl_textio.vpi";
:vpi_module "/usr/lib/x86_64-linux-gnu/ivl/v2005_math.vpi";
:vpi_module "/usr/lib/x86_64-linux-gnu/ivl/va_math.vpi";
S_0x564934c33c40 .scope module, "Question2_tb" "Question2_tb" 2 4;
 .timescale -9 -9;
v0x564934c51260_0 .var "a", 0 0;
v0x564934c51320_0 .var "b", 0 0;
v0x564934c513f0_0 .var "c", 0 0;
v0x564934c514f0_0 .var "d", 0 0;
v0x564934c515c0_0 .net "f", 0 0, L_0x564934c518c0;  1 drivers
v0x564934c516b0_0 .net "g", 0 0, L_0x564934c51a70;  1 drivers
S_0x564934c33dd0 .scope module, "tb" "Question2" 2 8, 3 1 0, S_0x564934c33c40;
 .timescale -9 -9;
    .port_info 0 /INPUT 1 "a";
    .port_info 1 /INPUT 1 "b";
    .port_info 2 /INPUT 1 "c";
    .port_info 3 /INPUT 1 "d";
    .port_info 4 /OUTPUT 1 "f";
    .port_info 5 /OUTPUT 1 "g";
L_0x564934c51780 .functor NAND 1, v0x564934c51260_0, v0x564934c51320_0, C4<1>, C4<1>;
L_0x564934c518c0 .functor XOR 1, L_0x564934c51780, v0x564934c514f0_0, v0x564934c513f0_0, C4<0>;
L_0x564934c51a70 .functor XNOR 1, v0x564934c514f0_0, v0x564934c513f0_0, v0x564934c51320_0, C4<0>;
v0x564934bf9cf0_0 .net "a", 0 0, v0x564934c51260_0;  1 drivers
v0x564934c50cf0_0 .net "b", 0 0, v0x564934c51320_0;  1 drivers
v0x564934c50db0_0 .net "c", 0 0, v0x564934c513f0_0;  1 drivers
v0x564934c50e50_0 .net "d", 0 0, v0x564934c514f0_0;  1 drivers
v0x564934c50f10_0 .net "f", 0 0, L_0x564934c518c0;  alias, 1 drivers
v0x564934c51020_0 .net "g", 0 0, L_0x564934c51a70;  alias, 1 drivers
v0x564934c510e0_0 .net "h", 0 0, L_0x564934c51780;  1 drivers
    .scope S_0x564934c33c40;
T_0 ;
    %vpi_call 2 12 "$dumpfile", "Question2_tb.vcd" {0 0 0};
    %vpi_call 2 13 "$dumpvars", 32'sb00000000000000000000000000000000, S_0x564934c33c40 {0 0 0};
    %pushi/vec4 0, 0, 1;
    %store/vec4 v0x564934c51260_0, 0, 1;
    %pushi/vec4 0, 0, 1;
    %store/vec4 v0x564934c51320_0, 0, 1;
    %pushi/vec4 0, 0, 1;
    %store/vec4 v0x564934c513f0_0, 0, 1;
    %pushi/vec4 0, 0, 1;
    %store/vec4 v0x564934c514f0_0, 0, 1;
    %delay 20, 0;
    %pushi/vec4 0, 0, 1;
    %store/vec4 v0x564934c51260_0, 0, 1;
    %pushi/vec4 0, 0, 1;
    %store/vec4 v0x564934c51320_0, 0, 1;
    %pushi/vec4 0, 0, 1;
    %store/vec4 v0x564934c513f0_0, 0, 1;
    %pushi/vec4 1, 0, 1;
    %store/vec4 v0x564934c514f0_0, 0, 1;
    %delay 20, 0;
    %pushi/vec4 0, 0, 1;
    %store/vec4 v0x564934c51260_0, 0, 1;
    %pushi/vec4 0, 0, 1;
    %store/vec4 v0x564934c51320_0, 0, 1;
    %pushi/vec4 1, 0, 1;
    %store/vec4 v0x564934c513f0_0, 0, 1;
    %pushi/vec4 0, 0, 1;
    %store/vec4 v0x564934c514f0_0, 0, 1;
    %delay 20, 0;
    %pushi/vec4 0, 0, 1;
    %store/vec4 v0x564934c51260_0, 0, 1;
    %pushi/vec4 0, 0, 1;
    %store/vec4 v0x564934c51320_0, 0, 1;
    %pushi/vec4 1, 0, 1;
    %store/vec4 v0x564934c513f0_0, 0, 1;
    %pushi/vec4 1, 0, 1;
    %store/vec4 v0x564934c514f0_0, 0, 1;
    %delay 20, 0;
    %pushi/vec4 0, 0, 1;
    %store/vec4 v0x564934c51260_0, 0, 1;
    %pushi/vec4 1, 0, 1;
    %store/vec4 v0x564934c51320_0, 0, 1;
    %pushi/vec4 0, 0, 1;
    %store/vec4 v0x564934c513f0_0, 0, 1;
    %pushi/vec4 0, 0, 1;
    %store/vec4 v0x564934c514f0_0, 0, 1;
    %delay 20, 0;
    %pushi/vec4 0, 0, 1;
    %store/vec4 v0x564934c51260_0, 0, 1;
    %pushi/vec4 1, 0, 1;
    %store/vec4 v0x564934c51320_0, 0, 1;
    %pushi/vec4 0, 0, 1;
    %store/vec4 v0x564934c513f0_0, 0, 1;
    %pushi/vec4 1, 0, 1;
    %store/vec4 v0x564934c514f0_0, 0, 1;
    %delay 20, 0;
    %pushi/vec4 0, 0, 1;
    %store/vec4 v0x564934c51260_0, 0, 1;
    %pushi/vec4 1, 0, 1;
    %store/vec4 v0x564934c51320_0, 0, 1;
    %pushi/vec4 1, 0, 1;
    %store/vec4 v0x564934c513f0_0, 0, 1;
    %pushi/vec4 0, 0, 1;
    %store/vec4 v0x564934c514f0_0, 0, 1;
    %delay 20, 0;
    %pushi/vec4 0, 0, 1;
    %store/vec4 v0x564934c51260_0, 0, 1;
    %pushi/vec4 1, 0, 1;
    %store/vec4 v0x564934c51320_0, 0, 1;
    %pushi/vec4 1, 0, 1;
    %store/vec4 v0x564934c513f0_0, 0, 1;
    %pushi/vec4 1, 0, 1;
    %store/vec4 v0x564934c514f0_0, 0, 1;
    %delay 20, 0;
    %pushi/vec4 1, 0, 1;
    %store/vec4 v0x564934c51260_0, 0, 1;
    %pushi/vec4 0, 0, 1;
    %store/vec4 v0x564934c51320_0, 0, 1;
    %pushi/vec4 0, 0, 1;
    %store/vec4 v0x564934c513f0_0, 0, 1;
    %pushi/vec4 0, 0, 1;
    %store/vec4 v0x564934c514f0_0, 0, 1;
    %delay 20, 0;
    %pushi/vec4 1, 0, 1;
    %store/vec4 v0x564934c51260_0, 0, 1;
    %pushi/vec4 0, 0, 1;
    %store/vec4 v0x564934c51320_0, 0, 1;
    %pushi/vec4 0, 0, 1;
    %store/vec4 v0x564934c513f0_0, 0, 1;
    %pushi/vec4 1, 0, 1;
    %store/vec4 v0x564934c514f0_0, 0, 1;
    %delay 20, 0;
    %pushi/vec4 1, 0, 1;
    %store/vec4 v0x564934c51260_0, 0, 1;
    %pushi/vec4 0, 0, 1;
    %store/vec4 v0x564934c51320_0, 0, 1;
    %pushi/vec4 1, 0, 1;
    %store/vec4 v0x564934c513f0_0, 0, 1;
    %pushi/vec4 0, 0, 1;
    %store/vec4 v0x564934c514f0_0, 0, 1;
    %delay 20, 0;
    %pushi/vec4 1, 0, 1;
    %store/vec4 v0x564934c51260_0, 0, 1;
    %pushi/vec4 0, 0, 1;
    %store/vec4 v0x564934c51320_0, 0, 1;
    %pushi/vec4 1, 0, 1;
    %store/vec4 v0x564934c513f0_0, 0, 1;
    %pushi/vec4 1, 0, 1;
    %store/vec4 v0x564934c514f0_0, 0, 1;
    %delay 20, 0;
    %pushi/vec4 1, 0, 1;
    %store/vec4 v0x564934c51260_0, 0, 1;
    %pushi/vec4 1, 0, 1;
    %store/vec4 v0x564934c51320_0, 0, 1;
    %pushi/vec4 0, 0, 1;
    %store/vec4 v0x564934c513f0_0, 0, 1;
    %pushi/vec4 0, 0, 1;
    %store/vec4 v0x564934c514f0_0, 0, 1;
    %delay 20, 0;
    %pushi/vec4 1, 0, 1;
    %store/vec4 v0x564934c51260_0, 0, 1;
    %pushi/vec4 1, 0, 1;
    %store/vec4 v0x564934c51320_0, 0, 1;
    %pushi/vec4 0, 0, 1;
    %store/vec4 v0x564934c513f0_0, 0, 1;
    %pushi/vec4 1, 0, 1;
    %store/vec4 v0x564934c514f0_0, 0, 1;
    %delay 20, 0;
    %pushi/vec4 1, 0, 1;
    %store/vec4 v0x564934c51260_0, 0, 1;
    %pushi/vec4 1, 0, 1;
    %store/vec4 v0x564934c51320_0, 0, 1;
    %pushi/vec4 1, 0, 1;
    %store/vec4 v0x564934c513f0_0, 0, 1;
    %pushi/vec4 0, 0, 1;
    %store/vec4 v0x564934c514f0_0, 0, 1;
    %delay 20, 0;
    %pushi/vec4 1, 0, 1;
    %store/vec4 v0x564934c51260_0, 0, 1;
    %pushi/vec4 1, 0, 1;
    %store/vec4 v0x564934c51320_0, 0, 1;
    %pushi/vec4 1, 0, 1;
    %store/vec4 v0x564934c513f0_0, 0, 1;
    %pushi/vec4 1, 0, 1;
    %store/vec4 v0x564934c514f0_0, 0, 1;
    %delay 20, 0;
    %vpi_call 2 64 "$display", "Test complete" {0 0 0};
    %end;
    .thread T_0;
# The file index is used to find the file name in the following table.
:file_names 4;
    "N/A";
    "<interactive>";
    "/home/rahul/Desktop/DSD/Question2_tb.v";
    "./Question2.v";
